<?xml version="1.0" encoding="UTF-8"?>
<testsuite xmlns:xsi="http://www.w3.org/2001/XMLSchema-instance" xsi:noNamespaceSchemaLocation="https://maven.apache.org/surefire/maven-surefire-plugin/xsd/surefire-test-report.xsd" name="org.springboot.training.reactive.routes.AppRouterRegisterTest" time="5.792" tests="4" errors="0" skipped="0" failures="0">
  <properties>
[...]
</properties>
  <testcase name="shouldGetAllTheBooks" classname="org.springboot.training.reactive.routes.AppRouterRegisterTest" time="0.57"/>
  <testcase name="shouldGetBookById" classname="org.springboot.training.reactive.routes.AppRouterRegisterTest" time="0.045"/>
  <testcase name="shouldDeleteNotExistingBookById" classname="org.springboot.training.reactive.routes.AppRouterRegisterTest" time="0.018"/>
  <testcase name="shouldDeleteBookById" classname="org.springboot.training.reactive.routes.AppRouterRegisterTest" time="0.027"/>
</testsuite>