-------------------------------------------------------------------------------
Test set: org.springboot.training.BookControllerTest
-------------------------------------------------------------------------------
Tests run: 2, Failures: 0, Errors: 2, Skipped: 0, Time elapsed: 11.298 s <<< FAILURE! - in org.springboot.training.BookControllerTest
given_application_when_call_endpoint_with_id_then_Ok  Time elapsed: 0.001 s  <<< ERROR!
java.lang.IllegalStateException: Failed to load ApplicationContext
Caused by: org.springframework.beans.factory.UnsatisfiedDependencyException: Error creating bean with name 'bookController' defined in class path resource [org/springboot/training/controller/BookController.class]: Unsatisfied dependency expressed through constructor parameter 1; nested exception is org.springframework.beans.factory.NoSuchBeanDefinitionException: No qualifying bean of type 'org.springboot.training.persistence.BookAuthorsRepository' available: expected at least 1 bean which qualifies as autowire candidate. Dependency annotations: {}
Caused by: org.springframework.beans.factory.NoSuchBeanDefinitionException: No qualifying bean of type 'org.springboot.training.persistence.BookAuthorsRepository' available: expected at least 1 bean which qualifies as autowire candidate. Dependency annotations: {}

given_application_when_call_endpoint_then_Ok  Time elapsed: 0 s  <<< ERROR!
java.lang.IllegalStateException: Failed to load ApplicationContext
Caused by: org.springframework.beans.factory.UnsatisfiedDependencyException: Error creating bean with name 'bookController' defined in class path resource [org/springboot/training/controller/BookController.class]: Unsatisfied dependency expressed through constructor parameter 1; nested exception is org.springframework.beans.factory.NoSuchBeanDefinitionException: No qualifying bean of type 'org.springboot.training.persistence.BookAuthorsRepository' available: expected at least 1 bean which qualifies as autowire candidate. Dependency annotations: {}
Caused by: org.springframework.beans.factory.NoSuchBeanDefinitionException: No qualifying bean of type 'org.springboot.training.persistence.BookAuthorsRepository' available: expected at least 1 bean which qualifies as autowire candidate. Dependency annotations: {}

