<?xml version="1.0" encoding="UTF-8"?>
<testsuite xmlns:xsi="http://www.w3.org/2001/XMLSchema-instance" xsi:noNamespaceSchemaLocation="https://maven.apache.org/surefire/maven-surefire-plugin/xsd/surefire-test-report-3.0.xsd" version="3.0" name="com.quarkus.traning.BookResourceTest" time="9.151" tests="2" errors="0" skipped="0" failures="0">
  <properties>
[...]
</properties>
  <testcase name="shouldGetAllTheBooks" classname="com.quarkus.traning.BookResourceTest" time="1.561">
    <system-out><![CDATA[***** INIT jdbc:postgresql://localhost:55136/books_database?loggerLevel=OFF
2021-05-26 00:21:11,585 INFO  [org.tes.doc.DockerClientProviderStrategy] (pool-5-thread-1) Loaded org.testcontainers.dockerclient.UnixSocketClientProviderStrategy from ~/.testcontainers.properties, will try it first
2021-05-26 00:21:12,264 INFO  [org.tes.doc.DockerClientProviderStrategy] (pool-5-thread-1) Found Docker environment with local Unix socket (unix:///var/run/docker.sock)
2021-05-26 00:21:12,265 INFO  [org.tes.DockerClientFactory] (pool-5-thread-1) Docker host IP address is localhost
2021-05-26 00:21:12,305 INFO  [org.tes.DockerClientFactory] (pool-5-thread-1) Connected to docker: 
  Server Version: 20.10.5
  API Version: 1.41
  Operating System: Docker Desktop
  Total Memory: 9965 MB
2021-05-26 00:21:12,307 INFO  [org.tes.uti.ImageNameSubstitutor] (pool-5-thread-1) Image name substitution will be performed by: DefaultImageNameSubstitutor (composite of 'ConfigurationFileImageNameSubstitutor' and 'PrefixingImageNameSubstitutor')
2021-05-26 00:21:12,432 INFO  [org.tes.uti.RegistryAuthLocator] (pool-5-thread-1) Credential helper/store (docker-credential-desktop) does not have credentials for index.docker.io
2021-05-26 00:21:14,035 INFO  [org.tes.DockerClientFactory] (pool-5-thread-1) Ryuk started - will monitor and terminate Testcontainers containers on JVM exit
2021-05-26 00:21:14,035 INFO  [org.tes.DockerClientFactory] (pool-5-thread-1) Checking the system...
2021-05-26 00:21:14,036 INFO  [org.tes.DockerClientFactory] (pool-5-thread-1) ✔︎ Docker server version should be at least 1.6.0
2021-05-26 00:21:14,117 INFO  [org.tes.DockerClientFactory] (pool-5-thread-1) ✔︎ Docker environment should have more than 2GB free disk space
2021-05-26 00:21:14,407 INFO  [🐳 [postgres:latest]] (pool-5-thread-1) Creating container for image: postgres:latest
2021-05-26 00:21:14,440 INFO  [🐳 [postgres:latest]] (pool-5-thread-1) Starting container with ID: 3adaf8884f4431648bc8ec4f6cbcafa3c4b761b8a91caacf073b758dbfcc4e9b
2021-05-26 00:21:15,754 INFO  [🐳 [postgres:latest]] (pool-5-thread-1) Container postgres:latest is starting: 3adaf8884f4431648bc8ec4f6cbcafa3c4b761b8a91caacf073b758dbfcc4e9b
2021-05-26 00:21:16,901 INFO  [🐳 [postgres:latest]] (pool-5-thread-1) Container postgres:latest started in PT2.783897S
2021-05-26 00:21:16,906 INFO  [org.tes.ext.ScriptUtils] (pool-5-thread-1) Executing database script from import-test.sql
2021-05-26 00:21:17,006 INFO  [org.tes.ext.ScriptUtils] (pool-5-thread-1) Executed database script from import-test.sql in 100 ms.
2021-05-26 00:21:17,072 WARN  [io.qua.config] (main) Unrecognized configuration key "quarkus.hibernate-orm.log.sql" was provided; it will be ignored; verify that the dependency extension for this configuration is set or that you did not make a typo
2021-05-26 00:21:17,663 INFO  [io.quarkus] (main) Quarkus 1.13.3.Final on JVM started in 7.216s. Listening on: http://localhost:8081
2021-05-26 00:21:17,664 INFO  [io.quarkus] (main) Profile test activated. 
2021-05-26 00:21:17,664 INFO  [io.quarkus] (main) Installed features: [agroal, cdi, jdbc-postgresql, micrometer, mutiny, narayana-jta, resteasy, resteasy-jackson, smallrye-context-propagation]
2021-05-26 00:21:18,557 INFO  [com.qua.tra.ser.BookService] (executor-thread-1) Find all the books in the database ...
]]></system-out>
  </testcase>
  <testcase name="shouldGetBookById" classname="com.quarkus.traning.BookResourceTest" time="0.045">
    <system-out><![CDATA[2021-05-26 00:21:19,247 INFO  [com.qua.tra.ser.BookService] (executor-thread-1) Finding a specific person by ID via an Optional ...
]]></system-out>
  </testcase>
</testsuite>