<?xml version="1.0" encoding="UTF-8"?>
<testsuite xmlns:xsi="http://www.w3.org/2001/XMLSchema-instance" xsi:noNamespaceSchemaLocation="https://maven.apache.org/surefire/maven-surefire-plugin/xsd/surefire-test-report-3.0.xsd" version="3.0" name="org.quarkus.training.reactive.routes.AppRouterRegisterTest" time="12.337" tests="2" errors="0" skipped="0" failures="0">
  <properties>
[...]
</properties>
  <testcase name="shouldGetAllTheBooks" classname="org.quarkus.training.reactive.routes.AppRouterRegisterTest" time="1.873">
    <system-out><![CDATA[2021-05-25 12:30:47,852 WARN  [io.qua.boo.res.mav.BootstrapMavenContext] (main) Settings problem encountered at /Users/fany/.sdkman/candidates/maven/current/conf/settings.xml, line 164, column 16: org.apache.maven.settings.io.SettingsParseException: Unrecognised tag: 'blocked' (position: START_TAG seen ...</url>\r\n      <blocked>... @164:16) 
	at org.apache.maven.settings.io.DefaultSettingsReader.read(DefaultSettingsReader.java:87)
	at org.apache.maven.settings.building.DefaultSettingsBuilder.readSettings(DefaultSettingsBuilder.java:182)
	at org.apache.maven.settings.building.DefaultSettingsBuilder.build(DefaultSettingsBuilder.java:104)
	at io.quarkus.bootstrap.resolver.maven.BootstrapMavenContext.getEffectiveSettings(BootstrapMavenContext.java:252)
	at io.quarkus.bootstrap.resolver.maven.BootstrapMavenContext.isOffline(BootstrapMavenContext.java:218)
	at io.quarkus.bootstrap.resolver.maven.BootstrapMavenContext.newRepositorySystem(BootstrapMavenContext.java:648)
	at io.quarkus.bootstrap.resolver.maven.BootstrapMavenContext.getRepositorySystem(BootstrapMavenContext.java:223)
	at io.quarkus.bootstrap.resolver.maven.MavenArtifactResolver.<init>(MavenArtifactResolver.java:113)
	at io.quarkus.bootstrap.BootstrapAppModelFactory.getAppModelResolver(BootstrapAppModelFactory.java:192)
	at io.quarkus.bootstrap.BootstrapAppModelFactory.resolveAppModel(BootstrapAppModelFactory.java:305)
	at io.quarkus.bootstrap.app.QuarkusBootstrap.bootstrap(QuarkusBootstrap.java:163)
	at io.quarkus.test.junit.QuarkusTestExtension.doJavaStart(QuarkusTestExtension.java:300)
	at io.quarkus.test.junit.QuarkusTestExtension.ensureStarted(QuarkusTestExtension.java:643)
	at io.quarkus.test.junit.QuarkusTestExtension.beforeAll(QuarkusTestExtension.java:689)
	at org.junit.jupiter.engine.descriptor.ClassBasedTestDescriptor.lambda$invokeBeforeAllCallbacks$8(ClassBasedTestDescriptor.java:368)
	at org.junit.platform.engine.support.hierarchical.ThrowableCollector.execute(ThrowableCollector.java:73)
	at org.junit.jupiter.engine.descriptor.ClassBasedTestDescriptor.invokeBeforeAllCallbacks(ClassBasedTestDescriptor.java:368)
	at org.junit.jupiter.engine.descriptor.ClassBasedTestDescriptor.before(ClassBasedTestDescriptor.java:192)
	at org.junit.jupiter.engine.descriptor.ClassBasedTestDescriptor.before(ClassBasedTestDescriptor.java:78)
	at org.junit.platform.engine.support.hierarchical.NodeTestTask.lambda$executeRecursively$5(NodeTestTask.java:136)
	at org.junit.platform.engine.support.hierarchical.ThrowableCollector.execute(ThrowableCollector.java:73)
	at org.junit.platform.engine.support.hierarchical.NodeTestTask.lambda$executeRecursively$7(NodeTestTask.java:129)
	at org.junit.platform.engine.support.hierarchical.Node.around(Node.java:137)
	at org.junit.platform.engine.support.hierarchical.NodeTestTask.lambda$executeRecursively$8(NodeTestTask.java:127)
	at org.junit.platform.engine.support.hierarchical.ThrowableCollector.execute(ThrowableCollector.java:73)
	at org.junit.platform.engine.support.hierarchical.NodeTestTask.executeRecursively(NodeTestTask.java:126)
	at org.junit.platform.engine.support.hierarchical.NodeTestTask.execute(NodeTestTask.java:84)
	at java.base/java.util.ArrayList.forEach(ArrayList.java:1541)
	at org.junit.platform.engine.support.hierarchical.SameThreadHierarchicalTestExecutorService.invokeAll(SameThreadHierarchicalTestExecutorService.java:38)
	at org.junit.platform.engine.support.hierarchical.NodeTestTask.lambda$executeRecursively$5(NodeTestTask.java:143)
	at org.junit.platform.engine.support.hierarchical.ThrowableCollector.execute(ThrowableCollector.java:73)
	at org.junit.platform.engine.support.hierarchical.NodeTestTask.lambda$executeRecursively$7(NodeTestTask.java:129)
	at org.junit.platform.engine.support.hierarchical.Node.around(Node.java:137)
	at org.junit.platform.engine.support.hierarchical.NodeTestTask.lambda$executeRecursively$8(NodeTestTask.java:127)
	at org.junit.platform.engine.support.hierarchical.ThrowableCollector.execute(ThrowableCollector.java:73)
	at org.junit.platform.engine.support.hierarchical.NodeTestTask.executeRecursively(NodeTestTask.java:126)
	at org.junit.platform.engine.support.hierarchical.NodeTestTask.execute(NodeTestTask.java:84)
	at org.junit.platform.engine.support.hierarchical.SameThreadHierarchicalTestExecutorService.submit(SameThreadHierarchicalTestExecutorService.java:32)
	at org.junit.platform.engine.support.hierarchical.HierarchicalTestExecutor.execute(HierarchicalTestExecutor.java:57)
	at org.junit.platform.engine.support.hierarchical.HierarchicalTestEngine.execute(HierarchicalTestEngine.java:51)
	at org.junit.platform.launcher.core.EngineExecutionOrchestrator.execute(EngineExecutionOrchestrator.java:108)
	at org.junit.platform.launcher.core.EngineExecutionOrchestrator.execute(EngineExecutionOrchestrator.java:88)
	at org.junit.platform.launcher.core.EngineExecutionOrchestrator.lambda$execute$0(EngineExecutionOrchestrator.java:54)
	at org.junit.platform.launcher.core.EngineExecutionOrchestrator.withInterceptedStreams(EngineExecutionOrchestrator.java:67)
	at org.junit.platform.launcher.core.EngineExecutionOrchestrator.execute(EngineExecutionOrchestrator.java:52)
	at org.junit.platform.launcher.core.DefaultLauncher.execute(DefaultLauncher.java:96)
	at org.junit.platform.launcher.core.DefaultLauncher.execute(DefaultLauncher.java:75)
	at org.apache.maven.surefire.junitplatform.JUnitPlatformProvider.execute(JUnitPlatformProvider.java:188)
	at org.apache.maven.surefire.junitplatform.JUnitPlatformProvider.invokeAllTests(JUnitPlatformProvider.java:154)
	at org.apache.maven.surefire.junitplatform.JUnitPlatformProvider.invoke(JUnitPlatformProvider.java:128)
	at org.apache.maven.surefire.booter.ForkedBooter.runSuitesInProcess(ForkedBooter.java:428)
	at org.apache.maven.surefire.booter.ForkedBooter.execute(ForkedBooter.java:162)
	at org.apache.maven.surefire.booter.ForkedBooter.run(ForkedBooter.java:562)
	at org.apache.maven.surefire.booter.ForkedBooter.main(ForkedBooter.java:548)
Caused by: org.codehaus.plexus.util.xml.pull.XmlPullParserException: Unrecognised tag: 'blocked' (position: START_TAG seen ...</url>\r\n      <blocked>... @164:16) 
	at org.apache.maven.settings.io.xpp3.SettingsXpp3Reader.checkUnknownElement(SettingsXpp3Reader.java:149)
	at org.apache.maven.settings.io.xpp3.SettingsXpp3Reader.parseMirror(SettingsXpp3Reader.java:920)
	at org.apache.maven.settings.io.xpp3.SettingsXpp3Reader.parseSettings(SettingsXpp3Reader.java:1416)
	at org.apache.maven.settings.io.xpp3.SettingsXpp3Reader.read(SettingsXpp3Reader.java:1544)
	at org.apache.maven.settings.io.xpp3.SettingsXpp3Reader.read(SettingsXpp3Reader.java:566)
	at org.apache.maven.settings.io.xpp3.SettingsXpp3Reader.read(SettingsXpp3Reader.java:595)
	at org.apache.maven.settings.io.DefaultSettingsReader.read(DefaultSettingsReader.java:83)
	... 53 more

2021-05-25 12:30:51,257 INFO  [io.qua.arc.pro.BeanProcessor] (build-29) Found unrecommended usage of private members (use package-private instead) in application beans:
	- @Inject field org.quarkus.training.reactive.routes.BooksHandler#pgPool
***** INIT postgresql://localhost:55126/books_database?loggerLevel=OFF
2021-05-25 12:30:51,424 INFO  [org.tes.doc.DockerClientProviderStrategy] (pool-5-thread-1) Loaded org.testcontainers.dockerclient.UnixSocketClientProviderStrategy from ~/.testcontainers.properties, will try it first
2021-05-25 12:30:52,068 INFO  [org.tes.doc.DockerClientProviderStrategy] (pool-5-thread-1) Found Docker environment with local Unix socket (unix:///var/run/docker.sock)
2021-05-25 12:30:52,069 INFO  [org.tes.DockerClientFactory] (pool-5-thread-1) Docker host IP address is localhost
2021-05-25 12:30:52,110 INFO  [org.tes.DockerClientFactory] (pool-5-thread-1) Connected to docker: 
  Server Version: 20.10.5
  API Version: 1.41
  Operating System: Docker Desktop
  Total Memory: 9965 MB
2021-05-25 12:30:52,113 INFO  [org.tes.uti.ImageNameSubstitutor] (pool-5-thread-1) Image name substitution will be performed by: DefaultImageNameSubstitutor (composite of 'ConfigurationFileImageNameSubstitutor' and 'PrefixingImageNameSubstitutor')
2021-05-25 12:30:52,250 INFO  [org.tes.uti.RegistryAuthLocator] (pool-5-thread-1) Credential helper/store (docker-credential-desktop) does not have credentials for index.docker.io
2021-05-25 12:30:53,818 INFO  [org.tes.DockerClientFactory] (pool-5-thread-1) Ryuk started - will monitor and terminate Testcontainers containers on JVM exit
2021-05-25 12:30:53,818 INFO  [org.tes.DockerClientFactory] (pool-5-thread-1) Checking the system...
2021-05-25 12:30:53,819 INFO  [org.tes.DockerClientFactory] (pool-5-thread-1) ✔︎ Docker server version should be at least 1.6.0
2021-05-25 12:30:53,909 INFO  [org.tes.DockerClientFactory] (pool-5-thread-1) ✔︎ Docker environment should have more than 2GB free disk space
2021-05-25 12:30:54,372 INFO  [🐳 [postgres:11]] (pool-5-thread-1) Creating container for image: postgres:11
2021-05-25 12:30:54,417 INFO  [🐳 [postgres:11]] (pool-5-thread-1) Starting container with ID: 748c9a41f1819a2a12c0d10869be5602e1577940ee63ce8b3d27c1525ccc7af0
2021-05-25 12:30:55,755 INFO  [🐳 [postgres:11]] (pool-5-thread-1) Container postgres:11 is starting: 748c9a41f1819a2a12c0d10869be5602e1577940ee63ce8b3d27c1525ccc7af0
2021-05-25 12:30:57,260 INFO  [🐳 [postgres:11]] (pool-5-thread-1) Container postgres:11 started in PT3.350335S
2021-05-25 12:30:57,266 INFO  [org.tes.ext.ScriptUtils] (pool-5-thread-1) Executing database script from import-test.sql
2021-05-25 12:30:57,385 INFO  [org.tes.ext.ScriptUtils] (pool-5-thread-1) Executed database script from import-test.sql in 119 ms.
2021-05-25 12:30:57,890 INFO  [org.qua.tra.ApplicationLifecycle] (main) The application is starting...
2021-05-25 12:30:58,010 INFO  [io.quarkus] (main) Quarkus 1.13.3.Final on JVM started in 7.842s. Listening on: http://localhost:8081
2021-05-25 12:30:58,010 INFO  [io.quarkus] (main) Profile test activated. 
2021-05-25 12:30:58,010 INFO  [io.quarkus] (main) Installed features: [cdi, hibernate-validator, jdbc-postgresql, micrometer, mutiny, reactive-pg-client, resteasy-jackson, resteasy-jsonb, resteasy-mutiny, smallrye-context-propagation, vertx, vertx-web]
2021-05-25 12:30:59,040 INFO  [org.qua.tra.rea.rou.BooksHandler] (vert.x-eventloop-thread-6) Get all books ...
2021-05-25 12:30:59,041 INFO  [org.qua.tra.mod.BookAuthors] (vert.x-eventloop-thread-6) Query to find all books: SELECT b.id, b.title, b.description, ( SELECT json_agg(json_build_object('authorId', a.id, 'fullName', concat_ws(' ', a.name, a.surname)))   FROM authors a JOIN books_authors ba ON a.id=ba.author_id   WHERE b.id=ba.book_id ) as authors  FROM books b;
]]></system-out>
  </testcase>
  <testcase name="shouldGetBookById" classname="org.quarkus.training.reactive.routes.AppRouterRegisterTest" time="0.108">
    <system-out><![CDATA[2021-05-25 12:30:59,911 INFO  [org.qua.tra.rea.rou.BooksHandler] (vert.x-eventloop-thread-11) Get book by id ...
2021-05-25 12:30:59,911 INFO  [org.qua.tra.mod.BookAuthors] (vert.x-eventloop-thread-11) Query to find all books: SELECT b.id, b.title, b.description, ( SELECT json_agg(json_build_object('authorId', a.id, 'fullName', concat_ws(' ', a.name, a.surname)))   FROM authors a JOIN books_authors ba ON a.id=ba.author_id   WHERE b.id=ba.book_id ) as authors  FROM books b   WHERE b.id=$1
]]></system-out>
  </testcase>
</testsuite>