<?xml version="1.0" encoding="UTF-8"?>
<testsuite xmlns:xsi="http://www.w3.org/2001/XMLSchema-instance" xsi:noNamespaceSchemaLocation="https://maven.apache.org/surefire/maven-surefire-plugin/xsd/surefire-test-report.xsd" name="org.springboot.training.BookControllerDockerComposeTest" time="0.642" tests="2" errors="0" skipped="2" failures="0">
  <properties>
[...]
</properties>
  <testcase name="given_application_when_call_endpoint_with_id_then_Ok" classname="org.springboot.training.BookControllerDockerComposeTest" time="0">
    <skipped message="public void org.springboot.training.BookControllerDockerComposeTest.given_application_when_call_endpoint_with_id_then_Ok() throws java.lang.Exception is @Disabled"/>
    <system-out><![CDATA[&amp#27;[2m2021-05-30 23:06:13.043&amp#27;[0;39m &amp#27;[32m INFO&amp#27;[0;39m &amp#27;[35m69715&amp#27;[0;39m &amp#27;[2m---&amp#27;[0;39m &amp#27;[2m[           main]&amp#27;[0;39m &amp#27;[36m.b.t.c.SpringBootTestContextBootstrapper&amp#27;[0;39m &amp#27;[2m:&amp#27;[0;39m Neither @ContextConfiguration nor @ContextHierarchy found for test class [org.springboot.training.BookControllerDockerComposeTest], using SpringBootContextLoader
&amp#27;[2m2021-05-30 23:06:13.044&amp#27;[0;39m &amp#27;[32m INFO&amp#27;[0;39m &amp#27;[35m69715&amp#27;[0;39m &amp#27;[2m---&amp#27;[0;39m &amp#27;[2m[           main]&amp#27;[0;39m &amp#27;[36mo.s.t.c.support.AbstractContextLoader   &amp#27;[0;39m &amp#27;[2m:&amp#27;[0;39m Could not detect default resource locations for test class [org.springboot.training.BookControllerDockerComposeTest]: no resource found for suffixes {-context.xml, Context.groovy}.
&amp#27;[2m2021-05-30 23:06:13.044&amp#27;[0;39m &amp#27;[32m INFO&amp#27;[0;39m &amp#27;[35m69715&amp#27;[0;39m &amp#27;[2m---&amp#27;[0;39m &amp#27;[2m[           main]&amp#27;[0;39m &amp#27;[36mt.c.s.AnnotationConfigContextLoaderUtils&amp#27;[0;39m &amp#27;[2m:&amp#27;[0;39m Could not detect default configuration classes for test class [org.springboot.training.BookControllerDockerComposeTest]: BookControllerDockerComposeTest does not declare any static, non-private, non-final, nested classes annotated with @Configuration.
&amp#27;[2m2021-05-30 23:06:13.045&amp#27;[0;39m &amp#27;[32m INFO&amp#27;[0;39m &amp#27;[35m69715&amp#27;[0;39m &amp#27;[2m---&amp#27;[0;39m &amp#27;[2m[           main]&amp#27;[0;39m &amp#27;[36m.b.t.c.SpringBootTestContextBootstrapper&amp#27;[0;39m &amp#27;[2m:&amp#27;[0;39m Found @SpringBootConfiguration org.springboot.training.Application for test class org.springboot.training.BookControllerDockerComposeTest
&amp#27;[2m2021-05-30 23:06:13.046&amp#27;[0;39m &amp#27;[32m INFO&amp#27;[0;39m &amp#27;[35m69715&amp#27;[0;39m &amp#27;[2m---&amp#27;[0;39m &amp#27;[2m[           main]&amp#27;[0;39m &amp#27;[36m.b.t.c.SpringBootTestContextBootstrapper&amp#27;[0;39m &amp#27;[2m:&amp#27;[0;39m Loaded default TestExecutionListener class names from location [META-INF/spring.factories]: [org.springframework.boot.test.mock.mockito.MockitoTestExecutionListener, org.springframework.boot.test.mock.mockito.ResetMocksTestExecutionListener, org.springframework.boot.test.autoconfigure.restdocs.RestDocsTestExecutionListener, org.springframework.boot.test.autoconfigure.web.client.MockRestServiceServerResetTestExecutionListener, org.springframework.boot.test.autoconfigure.web.servlet.MockMvcPrintOnlyOnFailureTestExecutionListener, org.springframework.boot.test.autoconfigure.web.servlet.WebDriverTestExecutionListener, org.springframework.boot.test.autoconfigure.webservices.client.MockWebServiceServerTestExecutionListener, org.springframework.test.context.web.ServletTestExecutionListener, org.springframework.test.context.support.DirtiesContextBeforeModesTestExecutionListener, org.springframework.test.context.event.ApplicationEventsTestExecutionListener, org.springframework.test.context.support.DependencyInjectionTestExecutionListener, org.springframework.test.context.support.DirtiesContextTestExecutionListener, org.springframework.test.context.transaction.TransactionalTestExecutionListener, org.springframework.test.context.jdbc.SqlScriptsTestExecutionListener, org.springframework.test.context.event.EventPublishingTestExecutionListener]
&amp#27;[2m2021-05-30 23:06:13.046&amp#27;[0;39m &amp#27;[32m INFO&amp#27;[0;39m &amp#27;[35m69715&amp#27;[0;39m &amp#27;[2m---&amp#27;[0;39m &amp#27;[2m[           main]&amp#27;[0;39m &amp#27;[36m.b.t.c.SpringBootTestContextBootstrapper&amp#27;[0;39m &amp#27;[2m:&amp#27;[0;39m Using TestExecutionListeners: [org.springframework.test.context.web.ServletTestExecutionListener@3599b7e8, org.springframework.test.context.support.DirtiesContextBeforeModesTestExecutionListener@2862bac6, org.springframework.test.context.event.ApplicationEventsTestExecutionListener@52e5ad71, org.springframework.boot.test.mock.mockito.MockitoTestExecutionListener@696a6506, org.springframework.boot.test.autoconfigure.SpringBootDependencyInjectionTestExecutionListener@1134a934, org.springframework.test.context.support.DirtiesContextTestExecutionListener@2cbd855e, org.springframework.test.context.transaction.TransactionalTestExecutionListener@534c3b9d, org.springframework.test.context.jdbc.SqlScriptsTestExecutionListener@69b436a7, org.springframework.test.context.event.EventPublishingTestExecutionListener@5dfd4fac, org.springframework.boot.test.mock.mockito.ResetMocksTestExecutionListener@1d2aa638, org.springframework.boot.test.autoconfigure.restdocs.RestDocsTestExecutionListener@2f08e6d3, org.springframework.boot.test.autoconfigure.web.client.MockRestServiceServerResetTestExecutionListener@67c1fc9b, org.springframework.boot.test.autoconfigure.web.servlet.MockMvcPrintOnlyOnFailureTestExecutionListener@50f65fe0, org.springframework.boot.test.autoconfigure.web.servlet.WebDriverTestExecutionListener@18a538a0, org.springframework.boot.test.autoconfigure.webservices.client.MockWebServiceServerTestExecutionListener@70736b19]
&amp#27;[2m2021-05-30 23:06:13.060&amp#27;[0;39m &amp#27;[32m INFO&amp#27;[0;39m &amp#27;[35m69715&amp#27;[0;39m &amp#27;[2m---&amp#27;[0;39m &amp#27;[2m[           main]&amp#27;[0;39m &amp#27;[36mo.s.nativex.NativeListener              &amp#27;[0;39m &amp#27;[2m:&amp#27;[0;39m This application is bootstrapped with code generated with Spring AOT

  .   ____          _            __ _ _
 /\\ / ___'_ __ _ _(_)_ __  __ _ \ \ \ \
( ( )\___ | '_ | '_| | '_ \/ _` | \ \ \ \
 \\/  ___)| |_)| | | | | || (_| |  ) ) ) )
  '  |____| .__|_| |_|_| |_\__, | / / / /
 =========|_|==============|___/=/_/_/_/
&amp#27;[32m :: Spring Boot :: &amp#27;[39m              &amp#27;[2m (v2.4.6)&amp#27;[0;39m

&amp#27;[2m2021-05-30 23:06:13.062&amp#27;[0;39m &amp#27;[32m INFO&amp#27;[0;39m &amp#27;[35m69715&amp#27;[0;39m &amp#27;[2m---&amp#27;[0;39m &amp#27;[2m[           main]&amp#27;[0;39m &amp#27;[36mo.s.t.BookControllerDockerComposeTest   &amp#27;[0;39m &amp#27;[2m:&amp#27;[0;39m Starting BookControllerDockerComposeTest using Java 11.0.10 on MBPdeEstefania with PID 69715 (started by fany in /Users/fany/Documents/workspace-sts/crossing-the-chasm-quarkus/springboot-books-api/sb-imperative-jdbc-api)
&amp#27;[2m2021-05-30 23:06:13.063&amp#27;[0;39m &amp#27;[32m INFO&amp#27;[0;39m &amp#27;[35m69715&amp#27;[0;39m &amp#27;[2m---&amp#27;[0;39m &amp#27;[2m[           main]&amp#27;[0;39m &amp#27;[36mo.s.t.BookControllerDockerComposeTest   &amp#27;[0;39m &amp#27;[2m:&amp#27;[0;39m No active profile set, falling back to default profiles: default
&amp#27;[2m2021-05-30 23:06:13.190&amp#27;[0;39m &amp#27;[32m INFO&amp#27;[0;39m &amp#27;[35m69715&amp#27;[0;39m &amp#27;[2m---&amp#27;[0;39m &amp#27;[2m[           main]&amp#27;[0;39m &amp#27;[36m.s.d.r.c.RepositoryConfigurationDelegate&amp#27;[0;39m &amp#27;[2m:&amp#27;[0;39m Bootstrapping Spring Data JDBC repositories in DEFAULT mode.
&amp#27;[2m2021-05-30 23:06:13.195&amp#27;[0;39m &amp#27;[32m INFO&amp#27;[0;39m &amp#27;[35m69715&amp#27;[0;39m &amp#27;[2m---&amp#27;[0;39m &amp#27;[2m[           main]&amp#27;[0;39m &amp#27;[36m.s.d.r.c.RepositoryConfigurationDelegate&amp#27;[0;39m &amp#27;[2m:&amp#27;[0;39m Finished Spring Data repository scanning in 4 ms. Found 2 JDBC repository interfaces.
&amp#27;[2m2021-05-30 23:06:13.293&amp#27;[0;39m &amp#27;[32m INFO&amp#27;[0;39m &amp#27;[35m69715&amp#27;[0;39m &amp#27;[2m---&amp#27;[0;39m &amp#27;[2m[           main]&amp#27;[0;39m &amp#27;[36mo.s.b.w.embedded.tomcat.TomcatWebServer &amp#27;[0;39m &amp#27;[2m:&amp#27;[0;39m Tomcat initialized with port(s): 0 (http)
&amp#27;[2m2021-05-30 23:06:13.294&amp#27;[0;39m &amp#27;[32m INFO&amp#27;[0;39m &amp#27;[35m69715&amp#27;[0;39m &amp#27;[2m---&amp#27;[0;39m &amp#27;[2m[           main]&amp#27;[0;39m &amp#27;[36mo.apache.catalina.core.StandardService  &amp#27;[0;39m &amp#27;[2m:&amp#27;[0;39m Starting service [Tomcat]
&amp#27;[2m2021-05-30 23:06:13.295&amp#27;[0;39m &amp#27;[32m INFO&amp#27;[0;39m &amp#27;[35m69715&amp#27;[0;39m &amp#27;[2m---&amp#27;[0;39m &amp#27;[2m[           main]&amp#27;[0;39m &amp#27;[36morg.apache.catalina.core.StandardEngine &amp#27;[0;39m &amp#27;[2m:&amp#27;[0;39m Starting Servlet engine: [Apache Tomcat/9.0.46]
&amp#27;[2m2021-05-30 23:06:13.308&amp#27;[0;39m &amp#27;[32m INFO&amp#27;[0;39m &amp#27;[35m69715&amp#27;[0;39m &amp#27;[2m---&amp#27;[0;39m &amp#27;[2m[           main]&amp#27;[0;39m &amp#27;[36mo.a.c.c.C.[Tomcat-1].[localhost].[/]    &amp#27;[0;39m &amp#27;[2m:&amp#27;[0;39m Initializing Spring embedded WebApplicationContext
&amp#27;[2m2021-05-30 23:06:13.308&amp#27;[0;39m &amp#27;[32m INFO&amp#27;[0;39m &amp#27;[35m69715&amp#27;[0;39m &amp#27;[2m---&amp#27;[0;39m &amp#27;[2m[           main]&amp#27;[0;39m &amp#27;[36mw.s.c.ServletWebServerApplicationContext&amp#27;[0;39m &amp#27;[2m:&amp#27;[0;39m Root WebApplicationContext: initialization completed in 244 ms
&amp#27;[2m2021-05-30 23:06:13.423&amp#27;[0;39m &amp#27;[32m INFO&amp#27;[0;39m &amp#27;[35m69715&amp#27;[0;39m &amp#27;[2m---&amp#27;[0;39m &amp#27;[2m[           main]&amp#27;[0;39m &amp#27;[36mcom.zaxxer.hikari.HikariDataSource      &amp#27;[0;39m &amp#27;[2m:&amp#27;[0;39m HikariPool-2 - Starting...
&amp#27;[2m2021-05-30 23:06:13.440&amp#27;[0;39m &amp#27;[32m INFO&amp#27;[0;39m &amp#27;[35m69715&amp#27;[0;39m &amp#27;[2m---&amp#27;[0;39m &amp#27;[2m[           main]&amp#27;[0;39m &amp#27;[36mcom.zaxxer.hikari.HikariDataSource      &amp#27;[0;39m &amp#27;[2m:&amp#27;[0;39m HikariPool-2 - Start completed.
&amp#27;[2m2021-05-30 23:06:13.669&amp#27;[0;39m &amp#27;[32m INFO&amp#27;[0;39m &amp#27;[35m69715&amp#27;[0;39m &amp#27;[2m---&amp#27;[0;39m &amp#27;[2m[           main]&amp#27;[0;39m &amp#27;[36mo.s.b.a.e.web.EndpointLinksResolver     &amp#27;[0;39m &amp#27;[2m:&amp#27;[0;39m Exposing 0 endpoint(s) beneath base path '/actuator'
&amp#27;[2m2021-05-30 23:06:13.690&amp#27;[0;39m &amp#27;[32m INFO&amp#27;[0;39m &amp#27;[35m69715&amp#27;[0;39m &amp#27;[2m---&amp#27;[0;39m &amp#27;[2m[           main]&amp#27;[0;39m &amp#27;[36mo.s.b.w.embedded.tomcat.TomcatWebServer &amp#27;[0;39m &amp#27;[2m:&amp#27;[0;39m Tomcat started on port(s): 63270 (http) with context path ''
&amp#27;[2m2021-05-30 23:06:13.692&amp#27;[0;39m &amp#27;[32m INFO&amp#27;[0;39m &amp#27;[35m69715&amp#27;[0;39m &amp#27;[2m---&amp#27;[0;39m &amp#27;[2m[           main]&amp#27;[0;39m &amp#27;[36mo.s.t.BookControllerDockerComposeTest   &amp#27;[0;39m &amp#27;[2m:&amp#27;[0;39m Started BookControllerDockerComposeTest in 0.644 seconds (JVM running for 11.843)
]]></system-out>
  </testcase>
  <testcase name="given_application_when_call_endpoint_then_Ok" classname="org.springboot.training.BookControllerDockerComposeTest" time="0">
    <skipped message="public void org.springboot.training.BookControllerDockerComposeTest.given_application_when_call_endpoint_then_Ok() is @Disabled"/>
  </testcase>
</testsuite>